<?xml version="1.0" ?>
<!DOCTYPE coverage SYSTEM "http://cobertura.sourceforge.net/xml/coverage-04.dtd">
<coverage lines-valid="104" lines-covered="104" line-rate="1" branches-valid="28" branches-covered="28" branch-rate="1" timestamp="1752133198234" complexity="0" version="0.1">
  <sources>
    <source>C:/Users/p_maeda/source/repos/github/json-seq-stream</source>
  </sources>
  <packages>
    <package name="main" line-rate="1" branch-rate="1">
      <classes>
        <class name="JsonSequenceFormatStream.ts" filename="src\JsonSequenceFormatStream.ts" line-rate="1" branch-rate="1">
          <methods>
            <method name="makeInternalJsonSequenceFormatStream" hits="7" signature="()V">
              <lines>
                <line number="15" hits="7"/>
              </lines>
            </method>
            <method name="transform" hits="7" signature="()V">
              <lines>
                <line number="22" hits="7"/>
              </lines>
            </method>
            <method name="JsonSequenceFormatStream" hits="7" signature="()V">
              <lines>
                <line number="44" hits="7"/>
              </lines>
            </method>
          </methods>
          <lines>
            <line number="15" hits="7" branch="true" condition-coverage="100% (1/1)"/>
            <line number="17" hits="7" branch="false"/>
            <line number="18" hits="7" branch="false"/>
            <line number="19" hits="7" branch="false"/>
            <line number="20" hits="7" branch="false"/>
            <line number="21" hits="7" branch="false"/>
            <line number="22" hits="7" branch="true" condition-coverage="100% (1/1)"/>
            <line number="23" hits="7" branch="false"/>
            <line number="24" hits="7" branch="false"/>
            <line number="25" hits="7" branch="true" condition-coverage="100% (1/1)"/>
            <line number="26" hits="7" branch="true" condition-coverage="100% (1/1)"/>
            <line number="27" hits="3" branch="true" condition-coverage="100% (2/2)"/>
            <line number="28" hits="2" branch="false"/>
            <line number="29" hits="2" branch="false"/>
            <line number="30" hits="2" branch="false"/>
            <line number="31" hits="3" branch="true" condition-coverage="100% (1/1)"/>
            <line number="32" hits="3" branch="true" condition-coverage="100% (1/1)"/>
            <line number="33" hits="3" branch="false"/>
            <line number="34" hits="7" branch="false"/>
            <line number="35" hits="7" branch="false"/>
            <line number="36" hits="7" branch="false"/>
            <line number="37" hits="7" branch="false"/>
            <line number="38" hits="7" branch="false"/>
            <line number="43" hits="1" branch="false"/>
            <line number="44" hits="1" branch="true" condition-coverage="100% (1/1)"/>
            <line number="45" hits="7" branch="false"/>
            <line number="46" hits="7" branch="false"/>
            <line number="47" hits="7" branch="false"/>
            <line number="48" hits="1" branch="false"/>
          </lines>
        </class>
        <class name="JsonSequenceStream.ts" filename="src\JsonSequenceStream.ts" line-rate="1" branch-rate="1">
          <methods>
            <method name="makeInternalJsonSequenceStream" hits="2" signature="()V">
              <lines>
                <line number="7" hits="2"/>
              </lines>
            </method>
            <method name="&lt;instance_members_initializer&gt;" hits="2" signature="()V">
              <lines>
                <line number="23" hits="2"/>
              </lines>
            </method>
            <method name="get writable" hits="2" signature="()V">
              <lines>
                <line number="25" hits="2"/>
              </lines>
            </method>
            <method name="get readable" hits="2" signature="()V">
              <lines>
                <line number="26" hits="2"/>
              </lines>
            </method>
            <method name="JsonSequenceStream" hits="2" signature="()V">
              <lines>
                <line number="27" hits="2"/>
              </lines>
            </method>
          </methods>
          <lines>
            <line number="1" hits="1" branch="false"/>
            <line number="2" hits="1" branch="false"/>
            <line number="7" hits="2" branch="true" condition-coverage="100% (1/1)"/>
            <line number="8" hits="2" branch="false"/>
            <line number="9" hits="2" branch="false"/>
            <line number="10" hits="2" branch="false"/>
            <line number="11" hits="2" branch="false"/>
            <line number="12" hits="2" branch="false"/>
            <line number="13" hits="2" branch="false"/>
            <line number="14" hits="2" branch="false"/>
            <line number="15" hits="2" branch="false"/>
            <line number="16" hits="2" branch="false"/>
            <line number="17" hits="2" branch="false"/>
            <line number="22" hits="1" branch="false"/>
            <line number="23" hits="1" branch="true" condition-coverage="100% (1/1)"/>
            <line number="24" hits="2" branch="false"/>
            <line number="25" hits="1" branch="true" condition-coverage="100% (1/1)"/>
            <line number="26" hits="1" branch="true" condition-coverage="100% (1/1)"/>
            <line number="27" hits="1" branch="true" condition-coverage="100% (1/1)"/>
            <line number="28" hits="2" branch="false"/>
            <line number="29" hits="2" branch="false"/>
            <line number="30" hits="2" branch="false"/>
            <line number="31" hits="2" branch="false"/>
            <line number="32" hits="2" branch="false"/>
            <line number="33" hits="2" branch="false"/>
            <line number="34" hits="1" branch="false"/>
          </lines>
        </class>
        <class name="SequenceStream.ts" filename="src\SequenceStream.ts" line-rate="1" branch-rate="1">
          <methods>
            <method name="makeInternalSequenceStream" hits="4" signature="()V">
              <lines>
                <line number="10" hits="4"/>
              </lines>
            </method>
            <method name="transform" hits="2" signature="()V">
              <lines>
                <line number="19" hits="2"/>
              </lines>
            </method>
            <method name="flush" hits="4" signature="()V">
              <lines>
                <line number="33" hits="4"/>
              </lines>
            </method>
            <method name="enqueueSequence" hits="11" signature="()V">
              <lines>
                <line number="44" hits="11"/>
              </lines>
            </method>
            <method name="SequenceStream" hits="4" signature="()V">
              <lines>
                <line number="52" hits="4"/>
              </lines>
            </method>
          </methods>
          <lines>
            <line number="3" hits="1" branch="false"/>
            <line number="4" hits="1" branch="false"/>
            <line number="10" hits="4" branch="true" condition-coverage="100% (1/1)"/>
            <line number="12" hits="4" branch="false"/>
            <line number="13" hits="4" branch="false"/>
            <line number="14" hits="4" branch="false"/>
            <line number="15" hits="4" branch="false"/>
            <line number="16" hits="4" branch="false"/>
            <line number="17" hits="4" branch="false"/>
            <line number="18" hits="4" branch="false"/>
            <line number="19" hits="4" branch="true" condition-coverage="100% (1/1)"/>
            <line number="20" hits="2" branch="true" condition-coverage="100% (1/1)"/>
            <line number="21" hits="22" branch="true" condition-coverage="100% (1/1)"/>
            <line number="22" hits="7" branch="false"/>
            <line number="23" hits="7" branch="true" condition-coverage="100% (3/3)"/>
            <line number="24" hits="3" branch="false"/>
            <line number="25" hits="3" branch="false"/>
            <line number="26" hits="3" branch="true" condition-coverage="100% (1/1)"/>
            <line number="27" hits="22" branch="true" condition-coverage="100% (1/1)"/>
            <line number="28" hits="3" branch="false"/>
            <line number="29" hits="3" branch="true" condition-coverage="100% (1/1)"/>
            <line number="30" hits="12" branch="false"/>
            <line number="31" hits="12" branch="false"/>
            <line number="32" hits="2" branch="false"/>
            <line number="33" hits="4" branch="true" condition-coverage="100% (1/1)"/>
            <line number="34" hits="4" branch="false"/>
            <line number="35" hits="4" branch="true" condition-coverage="100% (1/1)"/>
            <line number="36" hits="2" branch="false"/>
            <line number="37" hits="4" branch="false"/>
            <line number="38" hits="4" branch="false"/>
            <line number="39" hits="4" branch="false"/>
            <line number="40" hits="4" branch="false"/>
            <line number="41" hits="4" branch="false"/>
            <line number="42" hits="4" branch="false"/>
            <line number="44" hits="4" branch="true" condition-coverage="100% (1/1)"/>
            <line number="45" hits="11" branch="false"/>
            <line number="46" hits="11" branch="false"/>
            <line number="47" hits="4" branch="false"/>
            <line number="51" hits="1" branch="false"/>
            <line number="52" hits="1" branch="true" condition-coverage="100% (1/1)"/>
            <line number="53" hits="4" branch="false"/>
            <line number="54" hits="4" branch="false"/>
            <line number="55" hits="4" branch="false"/>
            <line number="56" hits="1" branch="false"/>
          </lines>
        </class>
        <class name="index.ts" filename="src\index.ts" line-rate="1" branch-rate="1">
          <methods>
          </methods>
          <lines>
            <line number="1" hits="1" branch="false"/>
            <line number="3" hits="1" branch="false"/>
            <line number="4" hits="1" branch="false"/>
            <line number="5" hits="1" branch="false"/>
            <line number="6" hits="1" branch="false"/>
          </lines>
        </class>
      </classes>
    </package>
  </packages>
</coverage>
